2023-06-15T09:59:50.745+03:00  WARN 23600 --- [HikariPool-1 housekeeper] com.zaxxer.hikari.pool.HikariPool        : HikariPool-1 - Thread starvation or clock leap detected (housekeeper delta=11h5m54s226ms267µs900ns).
2023-06-15T11:57:39.538+03:00  WARN 23600 --- [HikariPool-1 housekeeper] com.zaxxer.hikari.pool.HikariPool        : HikariPool-1 - Thread starvation or clock leap detected (housekeeper delta=11m49s839ms600µs).
2023-06-15T12:00:20.042+03:00  INFO 23600 --- [SpringApplicationShutdownHook] c.y.spring.database.pool.ConnectionPool  : Clean connection pool
2023-06-15T12:00:20.042+03:00  INFO 23600 --- [SpringApplicationShutdownHook] c.y.spring.database.pool.ConnectionPool  : Clean connection pool
2023-06-15T12:00:20.042+03:00  INFO 23600 --- [SpringApplicationShutdownHook] c.y.spring.database.pool.ConnectionPool  : Clean connection pool
2023-06-15T12:00:20.044+03:00  INFO 23600 --- [SpringApplicationShutdownHook] j.LocalContainerEntityManagerFactoryBean : Closing JPA EntityManagerFactory for persistence unit 'default'
2023-06-15T12:00:20.058+03:00  INFO 23600 --- [SpringApplicationShutdownHook] com.zaxxer.hikari.HikariDataSource       : HikariPool-1 - Shutdown initiated...
2023-06-15T12:00:20.067+03:00  INFO 23600 --- [SpringApplicationShutdownHook] com.zaxxer.hikari.HikariDataSource       : HikariPool-1 - Shutdown completed.
2023-06-15T12:04:21.489+03:00  INFO 27956 --- [main] com.yadev.spring.ApplicationRunner       : Starting ApplicationRunner using Java 17.0.6 with PID 27956 (C:\Users\13YAE\IdeaProjects\spring-starter\build\classes\java\main started by 13YAE in C:\Users\13YAE\IdeaProjects\spring-starter)
2023-06-15T12:04:21.491+03:00  INFO 27956 --- [main] com.yadev.spring.ApplicationRunner       : The following 1 profile is active: "qa"
2023-06-15T12:04:22.062+03:00  INFO 27956 --- [main] .s.d.r.c.RepositoryConfigurationDelegate : Bootstrapping Spring Data JPA repositories in DEFAULT mode.
2023-06-15T12:04:22.124+03:00  INFO 27956 --- [main] .s.d.r.c.RepositoryConfigurationDelegate : Finished Spring Data repository scanning in 56 ms. Found 2 JPA repository interfaces.
2023-06-15T12:04:22.680+03:00  WARN 27956 --- [main] ocalVariableTableParameterNameDiscoverer : Using deprecated '-debug' fallback for parameter name resolution. Compile the affected code with '-parameters' instead or avoid its introspection: com.yadev.logging.aop.FirstAspect
2023-06-15T12:04:22.680+03:00  WARN 27956 --- [main] ocalVariableTableParameterNameDiscoverer : Using deprecated '-debug' fallback for parameter name resolution. Compile the affected code with '-parameters' instead or avoid its introspection: com.yadev.logging.aop.FirstAspect
2023-06-15T12:04:22.681+03:00  WARN 27956 --- [main] ocalVariableTableParameterNameDiscoverer : Using deprecated '-debug' fallback for parameter name resolution. Compile the affected code with '-parameters' instead or avoid its introspection: com.yadev.logging.aop.FirstAspect
2023-06-15T12:04:22.682+03:00  WARN 27956 --- [main] ocalVariableTableParameterNameDiscoverer : Using deprecated '-debug' fallback for parameter name resolution. Compile the affected code with '-parameters' instead or avoid its introspection: com.yadev.logging.aop.SecondAspect
2023-06-15T12:04:23.021+03:00  INFO 27956 --- [main] o.s.b.w.embedded.tomcat.TomcatWebServer  : Tomcat initialized with port(s): 8080 (http)
2023-06-15T12:04:23.027+03:00  INFO 27956 --- [main] o.apache.catalina.core.StandardService   : Starting service [Tomcat]
2023-06-15T12:04:23.027+03:00  INFO 27956 --- [main] o.apache.catalina.core.StandardEngine    : Starting Servlet engine: [Apache Tomcat/10.1.8]
2023-06-15T12:04:23.192+03:00  INFO 27956 --- [main] org.apache.jasper.servlet.TldScanner     : At least one JAR was scanned for TLDs yet contained no TLDs. Enable debug logging for this logger for a complete list of JARs that were scanned but no TLDs were found in them. Skipping unneeded JARs during scanning can improve startup time and JSP compilation time.
2023-06-15T12:04:33.266+03:00  INFO 27956 --- [main] o.a.c.c.C.[Tomcat].[localhost].[/]       : Initializing Spring embedded WebApplicationContext
2023-06-15T12:04:33.275+03:00  INFO 27956 --- [main] w.s.c.ServletWebServerApplicationContext : Root WebApplicationContext: initialization completed in 11748 ms
2023-06-15T12:04:33.700+03:00  INFO 27956 --- [main] com.zaxxer.hikari.HikariDataSource       : HikariPool-1 - Starting...
2023-06-15T12:04:33.981+03:00  INFO 27956 --- [main] com.zaxxer.hikari.pool.HikariPool        : HikariPool-1 - Added connection org.postgresql.jdbc.PgConnection@7d7d8911
2023-06-15T12:04:33.989+03:00  INFO 27956 --- [main] com.zaxxer.hikari.HikariDataSource       : HikariPool-1 - Start completed.
2023-06-15T12:04:34.168+03:00  INFO 27956 --- [main] liquibase.database                       : Set default schema name to public
2023-06-15T12:04:34.274+03:00  INFO 27956 --- [main] liquibase.lockservice                    : Successfully acquired change log lock
2023-06-15T12:04:34.439+03:00  INFO 27956 --- [main] liquibase.changelog                      : Reading from public.databasechangelog
2023-06-15T12:04:34.519+03:00  INFO 27956 --- [main] liquibase.lockservice                    : Successfully released change log lock
2023-06-15T12:04:34.632+03:00  INFO 27956 --- [main] o.hibernate.jpa.internal.util.LogHelper  : HHH000204: Processing PersistenceUnitInfo [name: default]
2023-06-15T12:04:34.708+03:00  INFO 27956 --- [main] org.hibernate.Version                    : HHH000412: Hibernate ORM core version 6.1.7.Final
2023-06-15T12:04:35.187+03:00  INFO 27956 --- [main] SQL dialect                              : HHH000400: Using dialect: org.hibernate.dialect.PostgreSQLDialect
2023-06-15T12:04:35.234+03:00  INFO 27956 --- [main] o.h.e.boot.internal.EnversServiceImpl    : Envers integration enabled? : true
2023-06-15T12:04:35.617+03:00  INFO 27956 --- [main] o.h.e.c.i.m.AuditMetadataGenerator       : Adding properties for entity: com.yadev.spring.database.entity.User
2023-06-15T12:04:35.632+03:00  INFO 27956 --- [main] .e.b.i.AdditionalJaxbMappingProducerImpl : Adding JAXB document mapping
2023-06-15T12:04:36.000+03:00  INFO 27956 --- [main] org.hibernate.envers.boot                : HHH90005601: Envers-generated HBM mapping...
<?xml version="1.0" encoding="UTF-8" standalone="yes"?>
<hibernate-mapping auto-import="false" xmlns="http://www.hibernate.org/xsd/orm/hbm">
    <class discriminator-value="User" table="users_AUD" entity-name="com.yadev.spring.database.entity.User_AUD" abstract="false">
        <composite-id name="originalId">
            <key-property name="id">
                <column name="id"/>
                <type name="long">
                    <param name="org.hibernate.type.ParameterType.primaryKey">false</param>
                    <param name="org.hibernate.type.ParameterType.dynamic">true</param>
                    <param name="org.hibernate.type.ParameterType.returnedClass">java.lang.Long</param>
                    <param name="org.hibernate.type.ParameterType.accessType">field</param>
                    <param name="org.hibernate.type.ParameterType.entityClass">com.yadev.spring.database.entity.User</param>
                    <param name="org.hibernate.type.ParameterType.propertyName">id</param>
                </type>
            </key-property>
            <key-many-to-one class="com.yadev.spring.database.entity.Revision" name="REV">
                <column name="REV"/>
            </key-many-to-one>
        </composite-id>
        <property insert="true" name="REVTYPE" type="org.hibernate.envers.internal.entities.RevisionTypeType" update="false"/>
        <property insert="true" name="birthDate" update="false">
            <column name="birth_date"/>
            <type name="LocalDate">
                <param name="org.hibernate.type.ParameterType.primaryKey">false</param>
                <param name="org.hibernate.type.ParameterType.dynamic">true</param>
                <param name="org.hibernate.type.ParameterType.returnedClass">java.time.LocalDate</param>
                <param name="org.hibernate.type.ParameterType.accessType">field</param>
                <param name="org.hibernate.type.ParameterType.entityClass">com.yadev.spring.database.entity.User</param>
                <param name="org.hibernate.type.ParameterType.propertyName">birthDate</param>
            </type>
        </property>
        <property insert="true" name="firstname" update="false">
            <column name="firstname"/>
            <type name="string">
                <param name="org.hibernate.type.ParameterType.primaryKey">false</param>
                <param name="org.hibernate.type.ParameterType.dynamic">true</param>
                <param name="org.hibernate.type.ParameterType.returnedClass">java.lang.String</param>
                <param name="org.hibernate.type.ParameterType.accessType">field</param>
                <param name="org.hibernate.type.ParameterType.entityClass">com.yadev.spring.database.entity.User</param>
                <param name="org.hibernate.type.ParameterType.propertyName">firstname</param>
            </type>
        </property>
        <property insert="true" name="image" update="false">
            <column name="image"/>
            <type name="string">
                <param name="org.hibernate.type.ParameterType.primaryKey">false</param>
                <param name="org.hibernate.type.ParameterType.dynamic">true</param>
                <param name="org.hibernate.type.ParameterType.returnedClass">java.lang.String</param>
                <param name="org.hibernate.type.ParameterType.accessType">field</param>
                <param name="org.hibernate.type.ParameterType.entityClass">com.yadev.spring.database.entity.User</param>
                <param name="org.hibernate.type.ParameterType.propertyName">image</param>
            </type>
        </property>
        <property insert="true" name="lastname" update="false">
            <column name="lastname"/>
            <type name="string">
                <param name="org.hibernate.type.ParameterType.primaryKey">false</param>
                <param name="org.hibernate.type.ParameterType.dynamic">true</param>
                <param name="org.hibernate.type.ParameterType.returnedClass">java.lang.String</param>
                <param name="org.hibernate.type.ParameterType.accessType">field</param>
                <param name="org.hibernate.type.ParameterType.entityClass">com.yadev.spring.database.entity.User</param>
                <param name="org.hibernate.type.ParameterType.propertyName">lastname</param>
            </type>
        </property>
        <property insert="true" name="password" update="false">
            <column length="255" name="password"/>
            <type name="string">
                <param name="org.hibernate.type.ParameterType.primaryKey">false</param>
                <param name="org.hibernate.type.ParameterType.dynamic">true</param>
                <param name="org.hibernate.type.ParameterType.returnedClass">java.lang.String</param>
                <param name="org.hibernate.type.ParameterType.accessType">field</param>
                <param name="org.hibernate.type.ParameterType.entityClass">com.yadev.spring.database.entity.User</param>
                <param name="org.hibernate.type.ParameterType.propertyName">password</param>
            </type>
        </property>
        <property insert="true" name="role" update="false">
            <column name="role"/>
            <type name="org.hibernate.type.EnumType">
                <param name="enumClass">com.yadev.spring.database.entity.Role</param>
                <param name="useNamed">true</param>
            </type>
        </property>
        <property insert="true" name="username" update="false">
            <column length="255" name="username"/>
            <type name="string">
                <param name="org.hibernate.type.ParameterType.primaryKey">false</param>
                <param name="org.hibernate.type.ParameterType.dynamic">true</param>
                <param name="org.hibernate.type.ParameterType.returnedClass">java.lang.String</param>
                <param name="org.hibernate.type.ParameterType.accessType">field</param>
                <param name="org.hibernate.type.ParameterType.entityClass">com.yadev.spring.database.entity.User</param>
                <param name="org.hibernate.type.ParameterType.propertyName">username</param>
            </type>
        </property>
        <property insert="true" name="company_id" update="false">
            <column name="company_id"/>
            <type name="integer">
                <param name="org.hibernate.type.ParameterType.primaryKey">false</param>
                <param name="org.hibernate.type.ParameterType.dynamic">true</param>
                <param name="org.hibernate.type.ParameterType.returnedClass">java.lang.Integer</param>
                <param name="org.hibernate.type.ParameterType.accessType">field</param>
                <param name="org.hibernate.type.ParameterType.entityClass">com.yadev.spring.database.entity.Company</param>
                <param name="org.hibernate.type.ParameterType.propertyName">id</param>
            </type>
        </property>
    </class>
</hibernate-mapping>

2023-06-15T12:04:38.283+03:00  INFO 27956 --- [main] o.h.e.t.j.p.i.JtaPlatformInitiator       : HHH000490: Using JtaPlatform implementation: [org.hibernate.engine.transaction.jta.platform.internal.NoJtaPlatform]
2023-06-15T12:04:38.294+03:00  INFO 27956 --- [main] j.LocalContainerEntityManagerFactoryBean : Initialized JPA EntityManagerFactory for persistence unit 'default'
2023-06-15T12:04:38.309+03:00  INFO 27956 --- [main] c.yadev.spring.config.JpaConfiguration   : Jpa configuration is enabled.
2023-06-15T12:04:40.051+03:00  INFO 27956 --- [main] c.y.spring.database.pool.ConnectionPool  : Init connection pool
2023-06-15T12:04:40.162+03:00  INFO 27956 --- [main] c.y.spring.database.pool.ConnectionPool  : Init connection pool
2023-06-15T12:04:40.164+03:00  INFO 27956 --- [main] c.y.spring.database.pool.ConnectionPool  : Init connection pool
2023-06-15T12:04:41.681+03:00  INFO 27956 --- [main] o.s.b.a.e.web.EndpointLinksResolver      : Exposing 1 endpoint(s) beneath base path '/actuator'
2023-06-15T12:04:41.940+03:00  INFO 27956 --- [main] o.s.s.web.DefaultSecurityFilterChain     : Will secure any request with [org.springframework.security.web.session.DisableEncodeUrlFilter@3e0fe68f, org.springframework.security.web.context.request.async.WebAsyncManagerIntegrationFilter@3c799d53, org.springframework.security.web.context.SecurityContextHolderFilter@33b09909, org.springframework.security.web.header.HeaderWriterFilter@3db32d5, org.springframework.security.web.authentication.logout.LogoutFilter@879ce67, org.springframework.security.oauth2.client.web.OAuth2AuthorizationRequestRedirectFilter@57e9dd1f, org.springframework.security.oauth2.client.web.OAuth2LoginAuthenticationFilter@3f02095, org.springframework.security.web.authentication.UsernamePasswordAuthenticationFilter@296eda6c, org.springframework.security.web.authentication.www.BasicAuthenticationFilter@45da9712, org.springframework.security.web.savedrequest.RequestCacheAwareFilter@63c8d3da, org.springframework.security.web.servletapi.SecurityContextHolderAwareRequestFilter@3a410524, org.springframework.security.web.authentication.AnonymousAuthenticationFilter@66ed4881, org.springframework.security.web.access.ExceptionTranslationFilter@773e8030, org.springframework.security.web.access.intercept.AuthorizationFilter@41e5450f]
2023-06-15T12:04:42.694+03:00  INFO 27956 --- [main] c.y.l.config.LoggingAutoConfiguration    : LoggingAutoConfiguration initialized
2023-06-15T12:04:42.698+03:00  INFO 27956 --- [main] c.y.logging.config.LoggingProperties     : Logging properties initialized: LoggingProperties(enabled=true, level=INFO)
2023-06-15T12:04:43.541+03:00  INFO 27956 --- [main] o.s.b.w.embedded.tomcat.TomcatWebServer  : Tomcat started on port(s): 8080 (http) with context path ''
2023-06-15T12:04:43.562+03:00  INFO 27956 --- [main] com.yadev.spring.ApplicationRunner       : Started ApplicationRunner in 22.432 seconds (process running for 22.864)
2023-06-15T12:04:47.357+03:00  INFO 27956 --- [RMI TCP Connection(3)-192.168.0.104] o.a.c.c.C.[Tomcat].[localhost].[/]       : Initializing Spring DispatcherServlet 'dispatcherServlet'
2023-06-15T12:04:47.358+03:00  INFO 27956 --- [RMI TCP Connection(3)-192.168.0.104] o.s.web.servlet.DispatcherServlet        : Initializing Servlet 'dispatcherServlet'
2023-06-15T12:04:47.359+03:00  INFO 27956 --- [RMI TCP Connection(3)-192.168.0.104] o.s.web.servlet.DispatcherServlet        : Completed initialization in 1 ms
2023-06-15T12:11:58.766+03:00  INFO 27956 --- [http-nio-8080-exec-2] com.yadev.logging.aop.FirstAspect        : before - invoked findById method in class com.yadev.spring.service.UserService@43e869ea, with id 15
2023-06-15T12:11:58.766+03:00  INFO 27956 --- [http-nio-8080-exec-2] com.yadev.logging.aop.SecondAspect       : AROUND before - invoked findById method in class com.yadev.spring.service.UserService@43e869ea, with id 15
2023-06-15T12:11:58.791+03:00  INFO 27956 --- [http-nio-8080-exec-2] com.yadev.logging.aop.SecondAspect       : AROUND after returning - invoked findById method in class com.yadev.spring.service.UserService@43e869ea, result Optional[UserReadDto(id=15, username=georgiy@gmail.com, image=null, birthDate=2023-05-06, firstname=Georgy, lastname=M, role=USER, company=CompanyReadDto[id=1, name=Google])]
2023-06-15T12:11:58.827+03:00  INFO 27956 --- [http-nio-8080-exec-2] com.yadev.logging.aop.SecondAspect       : AROUND after (finally) - invoked findById method in class com.yadev.spring.service.UserService@43e869ea
2023-06-15T12:11:58.828+03:00  INFO 27956 --- [http-nio-8080-exec-2] com.yadev.logging.aop.FirstAspect        : after returning - invoked findById method in class com.yadev.spring.service.UserService@43e869ea, result Optional[UserReadDto(id=15, username=georgiy@gmail.com, image=null, birthDate=2023-05-06, firstname=Georgy, lastname=M, role=USER, company=CompanyReadDto[id=1, name=Google])]
2023-06-15T12:11:58.830+03:00  INFO 27956 --- [http-nio-8080-exec-2] com.yadev.logging.aop.FirstAspect        : after (finally) - invoked findById method in class com.yadev.spring.service.UserService@43e869ea
2023-06-15T12:12:26.533+03:00  INFO 27956 --- [SpringApplicationShutdownHook] c.y.spring.database.pool.ConnectionPool  : Clean connection pool
2023-06-15T12:12:26.533+03:00  INFO 27956 --- [SpringApplicationShutdownHook] c.y.spring.database.pool.ConnectionPool  : Clean connection pool
2023-06-15T12:12:26.533+03:00  INFO 27956 --- [SpringApplicationShutdownHook] c.y.spring.database.pool.ConnectionPool  : Clean connection pool
2023-06-15T12:12:26.533+03:00  INFO 27956 --- [SpringApplicationShutdownHook] j.LocalContainerEntityManagerFactoryBean : Closing JPA EntityManagerFactory for persistence unit 'default'
2023-06-15T12:12:26.535+03:00  INFO 27956 --- [SpringApplicationShutdownHook] com.zaxxer.hikari.HikariDataSource       : HikariPool-1 - Shutdown initiated...
2023-06-15T12:12:26.537+03:00  INFO 27956 --- [SpringApplicationShutdownHook] com.zaxxer.hikari.HikariDataSource       : HikariPool-1 - Shutdown completed.
2023-06-15T12:12:32.874+03:00  INFO 19580 --- [main] com.yadev.spring.ApplicationRunner       : Starting ApplicationRunner using Java 17.0.6 with PID 19580 (C:\Users\13YAE\IdeaProjects\spring-starter\build\classes\java\main started by 13YAE in C:\Users\13YAE\IdeaProjects\spring-starter)
2023-06-15T12:12:32.876+03:00  INFO 19580 --- [main] com.yadev.spring.ApplicationRunner       : The following 1 profile is active: "qa"
2023-06-15T12:12:33.549+03:00  INFO 19580 --- [main] .s.d.r.c.RepositoryConfigurationDelegate : Bootstrapping Spring Data JPA repositories in DEFAULT mode.
2023-06-15T12:12:33.628+03:00  INFO 19580 --- [main] .s.d.r.c.RepositoryConfigurationDelegate : Finished Spring Data repository scanning in 71 ms. Found 2 JPA repository interfaces.
2023-06-15T12:12:34.191+03:00  WARN 19580 --- [main] ocalVariableTableParameterNameDiscoverer : Using deprecated '-debug' fallback for parameter name resolution. Compile the affected code with '-parameters' instead or avoid its introspection: com.yadev.logging.aop.FirstAspect
2023-06-15T12:12:34.192+03:00  WARN 19580 --- [main] ocalVariableTableParameterNameDiscoverer : Using deprecated '-debug' fallback for parameter name resolution. Compile the affected code with '-parameters' instead or avoid its introspection: com.yadev.logging.aop.FirstAspect
2023-06-15T12:12:34.192+03:00  WARN 19580 --- [main] ocalVariableTableParameterNameDiscoverer : Using deprecated '-debug' fallback for parameter name resolution. Compile the affected code with '-parameters' instead or avoid its introspection: com.yadev.logging.aop.FirstAspect
2023-06-15T12:12:34.194+03:00  WARN 19580 --- [main] ocalVariableTableParameterNameDiscoverer : Using deprecated '-debug' fallback for parameter name resolution. Compile the affected code with '-parameters' instead or avoid its introspection: com.yadev.logging.aop.SecondAspect
2023-06-15T12:12:34.515+03:00  INFO 19580 --- [main] o.s.b.w.embedded.tomcat.TomcatWebServer  : Tomcat initialized with port(s): 8080 (http)
2023-06-15T12:12:34.522+03:00  INFO 19580 --- [main] o.apache.catalina.core.StandardService   : Starting service [Tomcat]
2023-06-15T12:12:34.522+03:00  INFO 19580 --- [main] o.apache.catalina.core.StandardEngine    : Starting Servlet engine: [Apache Tomcat/10.1.8]
2023-06-15T12:12:34.669+03:00  INFO 19580 --- [main] org.apache.jasper.servlet.TldScanner     : At least one JAR was scanned for TLDs yet contained no TLDs. Enable debug logging for this logger for a complete list of JARs that were scanned but no TLDs were found in them. Skipping unneeded JARs during scanning can improve startup time and JSP compilation time.
2023-06-15T12:12:34.672+03:00  INFO 19580 --- [main] o.a.c.c.C.[Tomcat].[localhost].[/]       : Initializing Spring embedded WebApplicationContext
2023-06-15T12:12:34.672+03:00  INFO 19580 --- [main] w.s.c.ServletWebServerApplicationContext : Root WebApplicationContext: initialization completed in 1760 ms
2023-06-15T12:12:34.841+03:00  INFO 19580 --- [main] com.zaxxer.hikari.HikariDataSource       : HikariPool-1 - Starting...
2023-06-15T12:12:34.935+03:00  INFO 19580 --- [main] com.zaxxer.hikari.pool.HikariPool        : HikariPool-1 - Added connection org.postgresql.jdbc.PgConnection@7d7d8911
2023-06-15T12:12:34.937+03:00  INFO 19580 --- [main] com.zaxxer.hikari.HikariDataSource       : HikariPool-1 - Start completed.
2023-06-15T12:12:35.025+03:00  INFO 19580 --- [main] liquibase.database                       : Set default schema name to public
2023-06-15T12:12:35.104+03:00  INFO 19580 --- [main] liquibase.lockservice                    : Successfully acquired change log lock
2023-06-15T12:12:35.186+03:00  INFO 19580 --- [main] liquibase.changelog                      : Reading from public.databasechangelog
2023-06-15T12:12:35.238+03:00  INFO 19580 --- [main] liquibase.lockservice                    : Successfully released change log lock
2023-06-15T12:12:35.306+03:00  INFO 19580 --- [main] o.hibernate.jpa.internal.util.LogHelper  : HHH000204: Processing PersistenceUnitInfo [name: default]
2023-06-15T12:12:35.351+03:00  INFO 19580 --- [main] org.hibernate.Version                    : HHH000412: Hibernate ORM core version 6.1.7.Final
2023-06-15T12:12:35.567+03:00  INFO 19580 --- [main] SQL dialect                              : HHH000400: Using dialect: org.hibernate.dialect.PostgreSQLDialect
2023-06-15T12:12:35.591+03:00  INFO 19580 --- [main] o.h.e.boot.internal.EnversServiceImpl    : Envers integration enabled? : true
2023-06-15T12:12:35.761+03:00  INFO 19580 --- [main] o.h.e.c.i.m.AuditMetadataGenerator       : Adding properties for entity: com.yadev.spring.database.entity.User
2023-06-15T12:12:35.771+03:00  INFO 19580 --- [main] .e.b.i.AdditionalJaxbMappingProducerImpl : Adding JAXB document mapping
2023-06-15T12:12:36.036+03:00  INFO 19580 --- [main] org.hibernate.envers.boot                : HHH90005601: Envers-generated HBM mapping...
<?xml version="1.0" encoding="UTF-8" standalone="yes"?>
<hibernate-mapping auto-import="false" xmlns="http://www.hibernate.org/xsd/orm/hbm">
    <class discriminator-value="User" table="users_AUD" entity-name="com.yadev.spring.database.entity.User_AUD" abstract="false">
        <composite-id name="originalId">
            <key-property name="id">
                <column name="id"/>
                <type name="long">
                    <param name="org.hibernate.type.ParameterType.primaryKey">false</param>
                    <param name="org.hibernate.type.ParameterType.dynamic">true</param>
                    <param name="org.hibernate.type.ParameterType.returnedClass">java.lang.Long</param>
                    <param name="org.hibernate.type.ParameterType.accessType">field</param>
                    <param name="org.hibernate.type.ParameterType.entityClass">com.yadev.spring.database.entity.User</param>
                    <param name="org.hibernate.type.ParameterType.propertyName">id</param>
                </type>
            </key-property>
            <key-many-to-one class="com.yadev.spring.database.entity.Revision" name="REV">
                <column name="REV"/>
            </key-many-to-one>
        </composite-id>
        <property insert="true" name="REVTYPE" type="org.hibernate.envers.internal.entities.RevisionTypeType" update="false"/>
        <property insert="true" name="birthDate" update="false">
            <column name="birth_date"/>
            <type name="LocalDate">
                <param name="org.hibernate.type.ParameterType.primaryKey">false</param>
                <param name="org.hibernate.type.ParameterType.dynamic">true</param>
                <param name="org.hibernate.type.ParameterType.returnedClass">java.time.LocalDate</param>
                <param name="org.hibernate.type.ParameterType.accessType">field</param>
                <param name="org.hibernate.type.ParameterType.entityClass">com.yadev.spring.database.entity.User</param>
                <param name="org.hibernate.type.ParameterType.propertyName">birthDate</param>
            </type>
        </property>
        <property insert="true" name="firstname" update="false">
            <column name="firstname"/>
            <type name="string">
                <param name="org.hibernate.type.ParameterType.primaryKey">false</param>
                <param name="org.hibernate.type.ParameterType.dynamic">true</param>
                <param name="org.hibernate.type.ParameterType.returnedClass">java.lang.String</param>
                <param name="org.hibernate.type.ParameterType.accessType">field</param>
                <param name="org.hibernate.type.ParameterType.entityClass">com.yadev.spring.database.entity.User</param>
                <param name="org.hibernate.type.ParameterType.propertyName">firstname</param>
            </type>
        </property>
        <property insert="true" name="image" update="false">
            <column name="image"/>
            <type name="string">
                <param name="org.hibernate.type.ParameterType.primaryKey">false</param>
                <param name="org.hibernate.type.ParameterType.dynamic">true</param>
                <param name="org.hibernate.type.ParameterType.returnedClass">java.lang.String</param>
                <param name="org.hibernate.type.ParameterType.accessType">field</param>
                <param name="org.hibernate.type.ParameterType.entityClass">com.yadev.spring.database.entity.User</param>
                <param name="org.hibernate.type.ParameterType.propertyName">image</param>
            </type>
        </property>
        <property insert="true" name="lastname" update="false">
            <column name="lastname"/>
            <type name="string">
                <param name="org.hibernate.type.ParameterType.primaryKey">false</param>
                <param name="org.hibernate.type.ParameterType.dynamic">true</param>
                <param name="org.hibernate.type.ParameterType.returnedClass">java.lang.String</param>
                <param name="org.hibernate.type.ParameterType.accessType">field</param>
                <param name="org.hibernate.type.ParameterType.entityClass">com.yadev.spring.database.entity.User</param>
                <param name="org.hibernate.type.ParameterType.propertyName">lastname</param>
            </type>
        </property>
        <property insert="true" name="password" update="false">
            <column length="255" name="password"/>
            <type name="string">
                <param name="org.hibernate.type.ParameterType.primaryKey">false</param>
                <param name="org.hibernate.type.ParameterType.dynamic">true</param>
                <param name="org.hibernate.type.ParameterType.returnedClass">java.lang.String</param>
                <param name="org.hibernate.type.ParameterType.accessType">field</param>
                <param name="org.hibernate.type.ParameterType.entityClass">com.yadev.spring.database.entity.User</param>
                <param name="org.hibernate.type.ParameterType.propertyName">password</param>
            </type>
        </property>
        <property insert="true" name="role" update="false">
            <column name="role"/>
            <type name="org.hibernate.type.EnumType">
                <param name="enumClass">com.yadev.spring.database.entity.Role</param>
                <param name="useNamed">true</param>
            </type>
        </property>
        <property insert="true" name="username" update="false">
            <column length="255" name="username"/>
            <type name="string">
                <param name="org.hibernate.type.ParameterType.primaryKey">false</param>
                <param name="org.hibernate.type.ParameterType.dynamic">true</param>
                <param name="org.hibernate.type.ParameterType.returnedClass">java.lang.String</param>
                <param name="org.hibernate.type.ParameterType.accessType">field</param>
                <param name="org.hibernate.type.ParameterType.entityClass">com.yadev.spring.database.entity.User</param>
                <param name="org.hibernate.type.ParameterType.propertyName">username</param>
            </type>
        </property>
        <property insert="true" name="company_id" update="false">
            <column name="company_id"/>
            <type name="integer">
                <param name="org.hibernate.type.ParameterType.primaryKey">false</param>
                <param name="org.hibernate.type.ParameterType.dynamic">true</param>
                <param name="org.hibernate.type.ParameterType.returnedClass">java.lang.Integer</param>
                <param name="org.hibernate.type.ParameterType.accessType">field</param>
                <param name="org.hibernate.type.ParameterType.entityClass">com.yadev.spring.database.entity.Company</param>
                <param name="org.hibernate.type.ParameterType.propertyName">id</param>
            </type>
        </property>
    </class>
</hibernate-mapping>

2023-06-15T12:12:36.855+03:00  INFO 19580 --- [main] o.h.e.t.j.p.i.JtaPlatformInitiator       : HHH000490: Using JtaPlatform implementation: [org.hibernate.engine.transaction.jta.platform.internal.NoJtaPlatform]
2023-06-15T12:12:36.861+03:00  INFO 19580 --- [main] j.LocalContainerEntityManagerFactoryBean : Initialized JPA EntityManagerFactory for persistence unit 'default'
2023-06-15T12:12:36.870+03:00  INFO 19580 --- [main] c.yadev.spring.config.JpaConfiguration   : Jpa configuration is enabled.
2023-06-15T12:12:37.450+03:00  INFO 19580 --- [main] c.y.spring.database.pool.ConnectionPool  : Init connection pool
2023-06-15T12:12:37.475+03:00  INFO 19580 --- [main] c.y.spring.database.pool.ConnectionPool  : Init connection pool
2023-06-15T12:12:37.475+03:00  INFO 19580 --- [main] c.y.spring.database.pool.ConnectionPool  : Init connection pool
2023-06-15T12:12:38.006+03:00  INFO 19580 --- [main] o.s.b.a.e.web.EndpointLinksResolver      : Exposing 1 endpoint(s) beneath base path '/actuator'
2023-06-15T12:12:38.098+03:00  INFO 19580 --- [main] o.s.s.web.DefaultSecurityFilterChain     : Will secure any request with [org.springframework.security.web.session.DisableEncodeUrlFilter@7481775c, org.springframework.security.web.context.request.async.WebAsyncManagerIntegrationFilter@55d0650e, org.springframework.security.web.context.SecurityContextHolderFilter@5ada5fd3, org.springframework.security.web.header.HeaderWriterFilter@19adcb41, org.springframework.security.web.authentication.logout.LogoutFilter@8dc73c7, org.springframework.security.oauth2.client.web.OAuth2AuthorizationRequestRedirectFilter@63e148cb, org.springframework.security.oauth2.client.web.OAuth2LoginAuthenticationFilter@d158cbe, org.springframework.security.web.authentication.UsernamePasswordAuthenticationFilter@6099193b, org.springframework.security.web.authentication.www.BasicAuthenticationFilter@2f41798d, org.springframework.security.web.savedrequest.RequestCacheAwareFilter@33f42420, org.springframework.security.web.servletapi.SecurityContextHolderAwareRequestFilter@722b4f64, org.springframework.security.web.authentication.AnonymousAuthenticationFilter@68606061, org.springframework.security.web.access.ExceptionTranslationFilter@198453c9, org.springframework.security.web.access.intercept.AuthorizationFilter@561dc11f]
2023-06-15T12:12:38.322+03:00  INFO 19580 --- [main] c.y.l.config.LoggingAutoConfiguration    : LoggingAutoConfiguration initialized
2023-06-15T12:12:38.324+03:00  INFO 19580 --- [main] c.y.logging.config.LoggingProperties     : Logging properties initialized: LoggingProperties(enabled=true, level=INFO)
2023-06-15T12:12:38.616+03:00  INFO 19580 --- [main] o.s.b.w.embedded.tomcat.TomcatWebServer  : Tomcat started on port(s): 8080 (http) with context path ''
2023-06-15T12:12:38.630+03:00  INFO 19580 --- [main] com.yadev.spring.ApplicationRunner       : Started ApplicationRunner in 6.198 seconds (process running for 6.594)
2023-06-15T12:12:41.216+03:00  INFO 19580 --- [RMI TCP Connection(2)-192.168.0.104] o.a.c.c.C.[Tomcat].[localhost].[/]       : Initializing Spring DispatcherServlet 'dispatcherServlet'
2023-06-15T12:12:41.217+03:00  INFO 19580 --- [RMI TCP Connection(2)-192.168.0.104] o.s.web.servlet.DispatcherServlet        : Initializing Servlet 'dispatcherServlet'
2023-06-15T12:12:41.219+03:00  INFO 19580 --- [RMI TCP Connection(2)-192.168.0.104] o.s.web.servlet.DispatcherServlet        : Completed initialization in 1 ms
2023-06-15T14:21:23.269+03:00  INFO 19580 --- [SpringApplicationShutdownHook] c.y.spring.database.pool.ConnectionPool  : Clean connection pool
2023-06-15T14:21:23.276+03:00  INFO 19580 --- [SpringApplicationShutdownHook] c.y.spring.database.pool.ConnectionPool  : Clean connection pool
2023-06-15T14:21:23.276+03:00  INFO 19580 --- [SpringApplicationShutdownHook] c.y.spring.database.pool.ConnectionPool  : Clean connection pool
2023-06-15T14:21:23.276+03:00  INFO 19580 --- [SpringApplicationShutdownHook] j.LocalContainerEntityManagerFactoryBean : Closing JPA EntityManagerFactory for persistence unit 'default'
2023-06-15T14:21:23.278+03:00  INFO 19580 --- [SpringApplicationShutdownHook] com.zaxxer.hikari.HikariDataSource       : HikariPool-1 - Shutdown initiated...
2023-06-15T14:21:23.289+03:00  INFO 19580 --- [SpringApplicationShutdownHook] com.zaxxer.hikari.HikariDataSource       : HikariPool-1 - Shutdown completed.
